INFO:root:initializing betweennesses for 0
INFO:root:initializing betweennesses for 1
INFO:root:initializing betweennesses for 2
INFO:root:initializing betweennesses for 3
INFO:root:initializing betweennesses for 4
INFO:root:initializing betweennesses for 5
INFO:root:initializing betweennesses for 6
INFO:root:initializing betweennesses for 7
INFO:root:initializing betweennesses for 8
INFO:root:initializing betweennesses for 9
INFO:root:initializing betweennesses for 10
INFO:root:initializing betweennesses for 11
INFO:root:initializing betweennesses for 12
INFO:root:initializing betweennesses for 13
INFO:root:initializing betweennesses for 14
INFO:root:initializing betweennesses for 15
INFO:root:initializing betweennesses for 16
INFO:root:initializing betweennesses for 17
INFO:root:initializing betweennesses for 18
INFO:root:initializing betweennesses for 19
INFO:root:initializing betweennesses for 20
INFO:root:initializing betweennesses for 21
INFO:root:initializing betweennesses for 22
INFO:root:initializing betweennesses for 23
INFO:root:initializing betweennesses for 24
INFO:root:initializing betweennesses for 25
INFO:root:initializing betweennesses for 26
INFO:root:initializing betweennesses for 27
INFO:root:initializing betweennesses for 28
INFO:root:initializing betweennesses for 29
INFO:root:initializing betweennesses for 30
INFO:root:initializing betweennesses for 31
INFO:root:initializing betweennesses for 32
INFO:root:initializing betweennesses for 33
INFO:root:initializing betweennesses for 34
INFO:root:initializing betweennesses for 35
INFO:root:initializing betweennesses for 36
INFO:root:initializing betweennesses for 37
INFO:root:initializing betweennesses for 38
INFO:root:initializing betweennesses for 39
INFO:root:initializing betweennesses for 40
INFO:root:initializing betweennesses for 41
INFO:root:initializing betweennesses for 42
INFO:root:initializing betweennesses for 43
INFO:root:initializing betweennesses for 44
INFO:root:initializing betweennesses for 45
INFO:root:initializing betweennesses for 46
INFO:root:initializing betweennesses for 47
INFO:root:initializing betweennesses for 48
INFO:root:initializing betweennesses for 49
INFO:root:initializing betweennesses for 50
INFO:root:initializing betweennesses for 51
INFO:root:initializing betweennesses for 52
WARNING:root:manip--clique_percolation--0: The algo did not assign all nodes to at least one community
INFO:root:updating all betweenness attributes...
INFO:root:192 edges remaining
INFO:root:Vertices to examine: [2, 12, 13, 17, 36, 43, 46]
INFO:root:split: 17, [[0, 1, 28, 46, 11, 25, 47, 8, 18, 21, 39], [2, 4, 12, 13, 14, 34, 35, 6, 43, 50, 10, 33, 5, 27, 16, 41, 22, 45]]
INFO:root:192 edges remaining
INFO:root:Vertices to examine: [2, 12, 13, 17, 36, 43, 46]
WARNING:root:manip--bigclam--0: The algo did not assign all nodes to at least one community
INFO:root:split: 43, [[2, 4, 7, 13, 14, 32, 50, 6, 17, 34, 45, 10, 33], [3, 46, 49, 52, 8, 18, 21, 39, 20, 24, 37, 38]]
INFO:root:192 edges remaining
INFO:root:Vertices to examine: [2, 12, 13, 17, 26, 36, 43, 46]
INFO:root:split: 46, [[0, 1, 26, 28, 47, 49, 2, 4, 12, 34, 6, 50, 10, 33, 29], [3, 43, 39, 52, 8, 53, 18, 11, 25]]
INFO:root:192 edges remaining
INFO:root:Vertices to examine: [2, 12, 13, 17, 26, 36, 43, 53, 55]
INFO:root:split: 12, [[2, 4, 7, 13, 14, 22, 41, 34, 35, 10, 17, 50, 33, 55], [6, 15, 28, 51, 32, 44, 11, 26, 25, 19, 40]]
INFO:root:192 edges remaining
INFO:root:Vertices to examine: [2, 12, 13, 15, 17, 26, 28, 36, 43, 53, 55]
INFO:root:split: 13, [[2, 4, 7, 54, 14, 36, 45, 6, 17, 34, 22, 28, 10, 56, 33], [11, 26, 42, 21, 23]]
INFO:root:192 edges remaining
INFO:root:Vertices to examine: [2, 12, 15, 17, 26, 28, 36, 41, 43, 53, 55]
INFO:root:split: 2, [[1, 28, 55, 34, 35, 22, 36, 40, 4, 7, 54, 57, 14, 17, 56, 41], [6, 15, 50, 32, 51]]
INFO:root:192 edges remaining
INFO:root:Vertices to examine: [6, 12, 15, 17, 26, 28, 36, 41, 43, 46, 53, 54, 55, 58]
INFO:root:split: 36, [[4, 35, 58, 34, 14, 57, 22, 33, 45], [5, 27, 19, 40, 29, 31]]
INFO:root:192 edges remaining
INFO:root:Vertices to examine: [6, 12, 15, 17, 26, 28, 41, 43, 53, 54, 55, 58]
INFO:root:split: 17, [[4, 35, 56, 58, 34, 14, 22, 6, 54, 57, 45, 10, 33, 50], [5, 27, 16, 41]]
INFO:root:192 edges remaining
INFO:root:Vertices to examine: [6, 12, 15, 26, 28, 41, 43, 46, 53, 54, 55, 56, 58]
INFO:root:split: 43, [[3, 46, 52, 8, 18, 21, 39], [20, 24, 49, 37, 38]]
INFO:root:192 edges remaining
INFO:root:Vertices to examine: [6, 12, 15, 26, 28, 41, 46, 53, 54, 55, 56, 58]
INFO:root:split: 55, [[0, 1, 26, 28, 29, 47, 49], [4, 56, 58, 34, 6, 50, 10, 33]]
INFO:root:192 edges remaining
INFO:root:Vertices to examine: [6, 12, 15, 26, 28, 41, 46, 53, 54, 56, 57, 58]
INFO:root:split: 28, [[0, 1, 26, 62, 53, 6, 12, 15, 40], [4, 35, 58, 34, 22, 57]]
INFO:root:192 edges remaining
INFO:root:Vertices to examine: [6, 12, 15, 26, 41, 53, 54, 56, 57, 58]
INFO:root:split: 26, [[0, 1, 62, 63, 47, 49], [4, 14, 6, 12, 11, 13, 42]]
INFO:root:192 edges remaining
INFO:root:Vertices to examine: [6, 12, 15, 41, 53, 54, 57, 58]
INFO:root:split: 53, [[0, 1, 63, 47], [8, 46, 18, 11, 25, 21, 39]]
INFO:root:192 edges remaining
INFO:root:Vertices to examine: [6, 12, 15, 41, 54, 57, 58]
INFO:root:split: 12, [[6, 15, 63, 51, 32, 44], [11, 26, 25, 19, 40]]
INFO:root:192 edges remaining
INFO:root:Vertices to examine: [6, 15, 41, 54, 57, 58, 63]
INFO:root:split: 6, [[2, 15, 63, 32, 54, 44, 66], [26, 55, 57, 60]]
INFO:root:192 edges remaining
INFO:root:Vertices to examine: [15, 41, 54, 57, 58, 63]
INFO:root:split: 58, [[1, 40], [4, 7, 54, 57, 14, 56, 60, 22, 28, 41, 34, 35, 59, 55]]
INFO:root:192 edges remaining
INFO:root:Vertices to examine: [1, 15, 41, 54, 56, 57, 63]
INFO:root:split: 54, [[4, 7, 57, 58, 14, 10, 60, 50, 33, 34, 45], [32, 67]]
INFO:root:192 edges remaining
INFO:root:Vertices to examine: [1, 15, 41, 56, 57, 63]
INFO:root:split: 15, [[0, 63, 51, 66, 67], [2, 50, 41, 21, 39]]
INFO:root:192 edges remaining
INFO:root:Vertices to examine: [1, 7, 26, 36, 41, 46, 56, 57, 60, 63]
INFO:root:split: 41, [[9, 15, 31, 16, 17], [22, 56, 58, 45]]
INFO:root:192 edges remaining
INFO:root:Vertices to examine: [1, 7, 26, 36, 46, 56, 57, 60, 63]
INFO:root:split: 63, [[0, 1, 62, 64, 65], [40, 66, 67, 70]]
INFO:root:192 edges remaining
INFO:root:Vertices to examine: [1, 7, 26, 36, 46, 56, 57, 60]
INFO:root:split: 57, [[4, 7, 56, 58, 22, 28, 14, 59, 34], [6, 60, 45, 10, 69, 33]]
INFO:root:192 edges remaining
INFO:root:Vertices to examine: [1, 7, 26, 36, 46, 56, 60]
INFO:root:split: 60, [[4, 35, 56, 58, 34, 14, 22], [6, 57, 45, 10, 69, 33, 50]]
INFO:root:192 edges remaining
INFO:root:Vertices to examine: [1, 7, 26, 36, 46, 56, 69]
INFO:root:split: 56, [[4, 7, 58, 73, 22, 41, 14, 74, 34, 35], [10, 55, 33, 50]]
INFO:root:192 edges remaining
INFO:root:Vertices to examine: [1, 7, 26, 36, 46, 58, 69]
INFO:root:split: 69, [[4, 7, 58, 14, 34, 45], [10, 57, 60, 33, 50]]
INFO:root:192 edges remaining
INFO:root:Vertices to examine: [1, 7, 26, 36, 46, 55, 58]
INFO:root:split: 1, [[0, 62, 64, 72, 65], [33, 48, 68]]
INFO:root:192 edges remaining
INFO:root:Vertices to examine: [7, 26, 36, 46, 55, 58]
INFO:root:split: 7, [[4, 58, 73, 75, 22, 14, 76], [39, 40]]
INFO:root:192 edges remaining
INFO:root:Vertices to examine: [4, 26, 36, 46, 55, 58, 59]
INFO:root:split: 55, [[4, 58, 34], [6, 50, 10, 56, 33]]
INFO:root:192 edges remaining
INFO:root:Vertices to examine: [26, 36, 46, 58]
INFO:root:Deleted: (33, 59)
INFO:root:191 edges remaining
INFO:root:Vertices to examine: [4, 26, 36, 46, 58]
INFO:root:Deleted: (4, 26)
INFO:root:190 edges remaining
INFO:root:Vertices to examine: [36, 46, 58]
INFO:root:Deleted: (14, 26)
INFO:root:189 edges remaining
INFO:root:Vertices to examine: [36, 46, 58]
INFO:root:split: 46, [[3, 61, 39, 52], [8, 53, 18, 11, 25]]
INFO:root:189 edges remaining
INFO:root:Vertices to examine: [36, 53, 58, 61]
INFO:root:split: 58, [[4, 28, 35, 34, 74, 79], [14, 59, 73, 76, 78, 22, 41, 75]]
INFO:root:189 edges remaining
INFO:root:Vertices to examine: [4, 36, 53, 61]
INFO:root:Deleted: (0, 70)
INFO:root:188 edges remaining
INFO:root:Vertices to examine: [4, 32, 36, 40, 43, 50, 53, 61, 67, 75]
INFO:root:split: 61, [[3, 80, 52], [8, 18, 21, 39]]
INFO:root:188 edges remaining
INFO:root:Vertices to examine: [4, 32, 36, 40, 43, 50, 53, 67, 75]
INFO:root:Deleted: (36, 40)
INFO:root:187 edges remaining
INFO:root:Vertices to examine: [4, 32, 36, 43, 50, 53, 67, 75]
INFO:root:Deleted: (35, 37)
INFO:root:186 edges remaining
INFO:root:Vertices to examine: [4, 32, 36, 43, 50, 53, 67, 75]
INFO:root:Deleted: (15, 71)
INFO:root:185 edges remaining
INFO:root:Vertices to examine: [4, 12, 32, 36, 39, 43, 50, 53, 62, 67, 75]
INFO:root:split: 4, [[28, 35, 81, 79], [59, 73, 74, 75, 76, 78]]
INFO:root:185 edges remaining
INFO:root:Vertices to examine: [12, 32, 34, 36, 39, 43, 50, 53, 62, 67, 75]
INFO:root:split: 34, [[28, 35, 81, 79], [59, 73, 76, 74, 75]]
INFO:root:185 edges remaining
INFO:root:Vertices to examine: [32, 36, 43, 50, 53, 67, 75]
INFO:root:Deleted: (28, 73)
INFO:root:184 edges remaining
INFO:root:Vertices to examine: [32, 36, 43, 50, 53, 67, 75]
INFO:root:Deleted: (22, 28)
INFO:root:183 edges remaining
INFO:root:Vertices to examine: [32, 35, 36, 43, 50, 53, 62, 67, 75]
INFO:root:split: 35, [[28, 81, 83, 84], [59, 74, 75]]
INFO:root:183 edges remaining
INFO:root:Vertices to examine: []
INFO:root:Deleted: (74, 81)
INFO:root:182 edges remaining
INFO:root:Vertices to examine: [12, 32, 36, 39, 43, 50, 53, 59, 62, 67, 75]
INFO:root:Deleted: (39, 53)
INFO:root:181 edges remaining
INFO:root:Vertices to examine: [12, 32, 36, 43, 50, 59, 62, 67, 75]
INFO:root:Deleted: (6, 26)
INFO:root:180 edges remaining
INFO:root:Vertices to examine: [12, 32, 36, 43, 50, 59, 62, 67, 75]
INFO:root:Deleted: (2, 50)
INFO:root:179 edges remaining
INFO:root:Vertices to examine: [12, 32, 36, 43, 59, 62, 67, 75]
INFO:root:Deleted: (12, 40)
INFO:root:178 edges remaining
INFO:root:Vertices to examine: [32, 36, 43, 59, 62, 67, 75]
INFO:root:Deleted: (15, 50)
INFO:root:177 edges remaining
INFO:root:Vertices to examine: [32, 36, 43, 59, 62, 67, 75]
INFO:root:Deleted: (29, 62)
INFO:root:176 edges remaining
INFO:root:Vertices to examine: [32, 36, 43, 59, 67, 75]
INFO:root:split: 32, [[2, 67, 66, 54], [30, 47]]
INFO:root:176 edges remaining
INFO:root:Vertices to examine: [36, 43, 59, 67, 75]
INFO:root:Deleted: (1, 33)
INFO:root:175 edges remaining
INFO:root:Vertices to examine: [36, 43, 59, 67, 75]
INFO:root:Deleted: (45, 59)
INFO:root:174 edges remaining
INFO:root:Vertices to examine: [36, 43, 67, 75]
INFO:root:Deleted: (45, 76)
INFO:root:173 edges remaining
INFO:root:Vertices to examine: [36, 43, 67, 75]
INFO:root:split: 67, [[2, 86, 54], [44, 66, 63, 70]]
INFO:root:173 edges remaining
INFO:root:Vertices to examine: [36, 43, 75]
INFO:root:Deleted: (66, 86)
INFO:root:172 edges remaining
INFO:root:Vertices to examine: [36, 43, 75]
INFO:root:split: 75, [[4, 73, 78, 14, 58, 22, 41], [34, 74, 35]]
INFO:root:172 edges remaining
INFO:root:Vertices to examine: [36, 43]
INFO:root:Deleted: (13, 21)
INFO:root:171 edges remaining
INFO:root:Vertices to examine: [36, 43]
INFO:root:Deleted: (19, 36)
INFO:root:170 edges remaining
INFO:root:Vertices to examine: [43]
INFO:root:Deleted: (43, 49)
INFO:root:169 edges remaining
INFO:root:Vertices to examine: []
INFO:root:Deleted: (39, 80)
INFO:root:168 edges remaining
INFO:root:Vertices to examine: [47, 53]
INFO:root:Deleted: (21, 53)
INFO:root:167 edges remaining
INFO:root:Vertices to examine: [47, 74]
INFO:root:Deleted: (41, 45)
INFO:root:166 edges remaining
INFO:root:Vertices to examine: [47, 74]
INFO:root:Deleted: (40, 63)
INFO:root:165 edges remaining
INFO:root:Vertices to examine: [43, 47, 74]
INFO:root:split: 47, [[30, 32], [62, 64, 65]]
INFO:root:165 edges remaining
INFO:root:Vertices to examine: [43, 74]
INFO:root:Deleted: (2, 15)
INFO:root:164 edges remaining
INFO:root:Vertices to examine: [43, 60, 74]
INFO:root:Deleted: (22, 74)
INFO:root:163 edges remaining
INFO:root:Vertices to examine: [59]
INFO:root:Deleted: (35, 59)
INFO:root:162 edges remaining
INFO:root:Vertices to examine: []
INFO:root:Deleted: (14, 74)
INFO:root:161 edges remaining
INFO:root:Vertices to examine: []
INFO:root:Deleted: (4, 74)
INFO:root:160 edges remaining
INFO:root:Vertices to examine: [34]
INFO:root:Deleted: (34, 73)
INFO:root:159 edges remaining
INFO:root:Vertices to examine: []
INFO:root:Deleted: (34, 59)
INFO:root:158 edges remaining
INFO:root:Vertices to examine: []
INFO:root:Deleted: (34, 76)
INFO:root:157 edges remaining
INFO:root:Vertices to examine: [11, 36, 43, 60]
INFO:root:Deleted: (11, 13)
INFO:root:156 edges remaining
INFO:root:Vertices to examine: [36, 43, 60]
INFO:root:Deleted: (12, 26)
INFO:root:155 edges remaining
INFO:root:Vertices to examine: []
INFO:root:Deleted: (11, 26)
INFO:root:154 edges remaining
INFO:root:Vertices to examine: [36, 43, 60]
INFO:root:Deleted: (31, 36)
INFO:root:153 edges remaining
INFO:root:Vertices to examine: [43, 60]
INFO:root:Deleted: (39, 61)
INFO:root:152 edges remaining
INFO:root:Vertices to examine: [43, 60]
INFO:root:Deleted: (9, 71)
INFO:root:151 edges remaining
INFO:root:Vertices to examine: [43, 60]
INFO:root:Deleted: (2, 51)
INFO:root:150 edges remaining
INFO:root:Vertices to examine: [17, 43, 58, 60]
INFO:root:split: 60, [[6, 57, 45], [10, 69, 33, 50]]
INFO:root:150 edges remaining
INFO:root:Vertices to examine: [43, 57]
INFO:root:split: 57, [[6, 90, 45], [10, 69, 33]]
INFO:root:150 edges remaining
INFO:root:Vertices to examine: []
INFO:root:Deleted: (6, 55)
INFO:root:149 edges remaining
INFO:root:Vertices to examine: [17, 43, 58]
INFO:root:Deleted: (5, 17)
INFO:root:148 edges remaining
INFO:root:Vertices to examine: [43, 58]
INFO:root:Deleted: (17, 27)
INFO:root:147 edges remaining
INFO:root:Vertices to examine: [43, 58]
INFO:root:Deleted: (12, 19)
INFO:root:146 edges remaining
INFO:root:Vertices to examine: [43, 58]
INFO:root:Deleted: (20, 43)
INFO:root:145 edges remaining
INFO:root:Vertices to examine: [58]
INFO:root:Deleted: (21, 61)
INFO:root:144 edges remaining
INFO:root:Vertices to examine: [58]
INFO:root:split: 58, [[14, 59, 73, 76, 78], [22, 41, 88]]
INFO:root:144 edges remaining
INFO:root:Vertices to examine: [22, 88]
INFO:root:split: 88, [[4, 73, 78, 14], [22, 41, 58]]
INFO:root:144 edges remaining
INFO:root:Vertices to examine: [22]
INFO:root:split: 22, [[41, 58, 88], [59, 73, 78]]
INFO:root:144 edges remaining
INFO:root:Vertices to examine: [78]
INFO:root:Deleted: (22, 78)
INFO:root:143 edges remaining
INFO:root:Vertices to examine: [73]
INFO:root:Deleted: (22, 73)
INFO:root:142 edges remaining
INFO:root:Vertices to examine: []
INFO:root:Deleted: (22, 59)
INFO:root:141 edges remaining
INFO:root:Vertices to examine: []
INFO:root:Deleted: (50, 69)
INFO:root:140 edges remaining
INFO:root:Vertices to examine: []
INFO:root:Deleted: (50, 60)
INFO:root:139 edges remaining
INFO:root:Vertices to examine: [10, 33]
INFO:root:Deleted: (10, 55)
INFO:root:138 edges remaining
INFO:root:Vertices to examine: [33]
INFO:root:Deleted: (10, 56)
INFO:root:137 edges remaining
INFO:root:Vertices to examine: [33]
INFO:root:split: 33, [[55, 56], [57, 69, 60]]
INFO:root:137 edges remaining
INFO:root:Vertices to examine: []
INFO:root:Deleted: (5, 36)
INFO:root:136 edges remaining
INFO:root:Vertices to examine: []
INFO:root:Deleted: (7, 39)
INFO:root:135 edges remaining
INFO:root:Vertices to examine: []
INFO:root:Deleted: (13, 23)
INFO:root:134 edges remaining
INFO:root:Vertices to examine: []
INFO:root:Deleted: (24, 43)
INFO:root:133 edges remaining
INFO:root:Vertices to examine: []
INFO:root:Deleted: (49, 62)
INFO:root:132 edges remaining
INFO:root:Vertices to examine: []
INFO:root:Deleted: (49, 64)
INFO:root:131 edges remaining
INFO:root:Vertices to examine: []
INFO:root:Deleted: (51, 66)
INFO:root:130 edges remaining
INFO:root:Vertices to examine: []
INFO:root:Deleted: (51, 70)
INFO:root:129 edges remaining
INFO:root:Vertices to examine: []
INFO:root:Deleted: (1, 68)
INFO:root:128 edges remaining
INFO:root:Vertices to examine: []
INFO:root:Deleted: (31, 71)
INFO:root:127 edges remaining
INFO:root:Vertices to examine: []
INFO:root:Deleted: (11, 46)
INFO:root:126 edges remaining
INFO:root:Vertices to examine: []
INFO:root:Deleted: (11, 53)
INFO:root:125 edges remaining
INFO:root:Vertices to examine: []
INFO:root:Deleted: (12, 25)
INFO:root:124 edges remaining
INFO:root:Vertices to examine: []
INFO:root:Deleted: (47, 65)
INFO:root:123 edges remaining
INFO:root:Vertices to examine: []
INFO:root:Deleted: (47, 64)
INFO:root:122 edges remaining
INFO:root:Vertices to examine: []
INFO:root:Deleted: (47, 62)
INFO:root:121 edges remaining
INFO:root:Vertices to examine: []
INFO:root:Deleted: (4, 59)
INFO:root:120 edges remaining
INFO:root:Vertices to examine: []
INFO:root:Deleted: (59, 73)
INFO:root:119 edges remaining
INFO:root:Vertices to examine: []
INFO:root:Deleted: (14, 59)
INFO:root:118 edges remaining
INFO:root:Vertices to examine: []
INFO:root:Deleted: (59, 92)
INFO:root:117 edges remaining
INFO:root:Vertices to examine: []
INFO:root:Deleted: (18, 46)
INFO:root:116 edges remaining
INFO:root:Vertices to examine: []
INFO:root:Deleted: (18, 53)
INFO:root:115 edges remaining
INFO:root:Vertices to examine: []
INFO:root:Deleted: (8, 61)
INFO:root:114 edges remaining
INFO:root:Vertices to examine: []
INFO:root:Deleted: (4, 76)
INFO:root:113 edges remaining
INFO:root:Vertices to examine: [78]
INFO:root:split: 78, [[4, 73, 93], [14, 76, 92]]
INFO:root:113 edges remaining
INFO:root:Vertices to examine: []
INFO:root:Deleted: (73, 92)
INFO:root:112 edges remaining
INFO:root:Vertices to examine: [14]
INFO:root:split: 14, [[73, 93], [76, 78, 92]]
INFO:root:112 edges remaining
INFO:root:Vertices to examine: []
INFO:root:Deleted: (7, 40)
INFO:root:111 edges remaining
INFO:root:Vertices to examine: []
INFO:root:Deleted: (27, 36)
INFO:root:110 edges remaining
INFO:root:Vertices to examine: []
INFO:root:Deleted: (38, 43)
INFO:root:109 edges remaining
INFO:root:Vertices to examine: []
INFO:root:Deleted: (44, 66)
INFO:root:108 edges remaining
INFO:root:Vertices to examine: []
INFO:root:Deleted: (44, 67)
INFO:root:107 edges remaining
INFO:root:Vertices to examine: []
INFO:root:Deleted: (73, 97)
INFO:root:106 edges remaining
INFO:root:Vertices to examine: []
INFO:root:Deleted: (93, 97)
INFO:root:105 edges remaining
INFO:root:Vertices to examine: []
INFO:root:Deleted: (15, 21)
INFO:root:104 edges remaining
INFO:root:Vertices to examine: []
INFO:root:Deleted: (79, 84)
INFO:root:103 edges remaining
INFO:root:Vertices to examine: []
INFO:root:Deleted: (79, 81)
INFO:root:102 edges remaining
INFO:root:Vertices to examine: []
INFO:root:Deleted: (79, 83)
INFO:root:101 edges remaining
INFO:root:Vertices to examine: []
INFO:root:Deleted: (65, 72)
INFO:root:100 edges remaining
INFO:root:Vertices to examine: []
INFO:root:Deleted: (0, 65)
INFO:root:99 edges remaining
INFO:root:Vertices to examine: []
INFO:root:Deleted: (65, 77)
INFO:root:98 edges remaining
INFO:root:Vertices to examine: []
INFO:root:Deleted: (33, 60)
INFO:root:97 edges remaining
INFO:root:Vertices to examine: []
INFO:root:Deleted: (60, 69)
INFO:root:96 edges remaining
INFO:root:Vertices to examine: []
INFO:root:Deleted: (10, 60)
INFO:root:95 edges remaining
INFO:root:Vertices to examine: []
INFO:root:Deleted: (34, 75)
INFO:root:94 edges remaining
INFO:root:Vertices to examine: []
INFO:root:Deleted: (34, 74)
INFO:root:93 edges remaining
INFO:root:Vertices to examine: []
INFO:root:Deleted: (25, 46)
INFO:root:92 edges remaining
INFO:root:Vertices to examine: []
INFO:root:Deleted: (25, 53)
INFO:root:91 edges remaining
INFO:root:Vertices to examine: []
INFO:root:Deleted: (50, 55)
INFO:root:90 edges remaining
INFO:root:Vertices to examine: []
INFO:root:Deleted: (50, 56)
INFO:root:89 edges remaining
INFO:root:Vertices to examine: []
INFO:root:Deleted: (3, 80)
INFO:root:88 edges remaining
INFO:root:Vertices to examine: []
INFO:root:Deleted: (3, 82)
INFO:root:87 edges remaining
INFO:root:Vertices to examine: []
INFO:root:Deleted: (2, 86)
INFO:root:86 edges remaining
INFO:root:Vertices to examine: []
INFO:root:Deleted: (2, 87)
INFO:root:85 edges remaining
INFO:root:Vertices to examine: []
INFO:root:Deleted: (6, 90)
INFO:root:84 edges remaining
INFO:root:Vertices to examine: []
INFO:root:Deleted: (6, 91)
INFO:root:83 edges remaining
INFO:root:Vertices to examine: []
INFO:root:Deleted: (10, 69)
INFO:root:82 edges remaining
INFO:root:Vertices to examine: []
INFO:root:Deleted: (10, 57)
INFO:root:81 edges remaining
INFO:root:Vertices to examine: []
INFO:root:Deleted: (81, 83)
INFO:root:80 edges remaining
INFO:root:Vertices to examine: []
INFO:root:Deleted: (28, 83)
INFO:root:79 edges remaining
INFO:root:Vertices to examine: []
INFO:root:Deleted: (83, 85)
INFO:root:78 edges remaining
INFO:root:Vertices to examine: []
INFO:root:Deleted: (41, 58)
INFO:root:77 edges remaining
INFO:root:Vertices to examine: []
INFO:root:Deleted: (58, 88)
INFO:root:76 edges remaining
INFO:root:Vertices to examine: []
INFO:root:Deleted: (58, 94)
INFO:root:75 edges remaining
INFO:root:Vertices to examine: []
INFO:root:Deleted: (13, 26)
INFO:root:74 edges remaining
INFO:root:Vertices to examine: []
INFO:root:Deleted: (13, 42)
INFO:root:73 edges remaining
INFO:root:Vertices to examine: []
INFO:root:Deleted: (11, 12)
INFO:root:72 edges remaining
INFO:root:Vertices to examine: []
INFO:root:Deleted: (35, 75)
INFO:root:71 edges remaining
INFO:root:Vertices to examine: []
INFO:root:Deleted: (35, 74)
INFO:root:70 edges remaining
INFO:root:Vertices to examine: []
INFO:root:Deleted: (14, 78)
INFO:root:69 edges remaining
INFO:root:Vertices to examine: []
INFO:root:Deleted: (14, 92)
INFO:root:68 edges remaining
INFO:root:Vertices to examine: []
INFO:root:Deleted: (14, 76)
INFO:root:67 edges remaining
INFO:root:Vertices to examine: []
INFO:root:Deleted: (46, 53)
INFO:root:66 edges remaining
INFO:root:Vertices to examine: []
INFO:root:Deleted: (8, 53)
INFO:root:65 edges remaining
INFO:root:Vertices to examine: []
INFO:root:Deleted: (18, 61)
INFO:root:64 edges remaining
INFO:root:Vertices to examine: []
INFO:root:Deleted: (66, 67)
INFO:root:63 edges remaining
INFO:root:Vertices to examine: []
INFO:root:Deleted: (63, 66)
INFO:root:62 edges remaining
INFO:root:Vertices to examine: []
INFO:root:Deleted: (66, 70)
INFO:root:61 edges remaining
INFO:root:Vertices to examine: []
INFO:root:Deleted: (57, 69)
INFO:root:60 edges remaining
INFO:root:Vertices to examine: []
INFO:root:Deleted: (33, 69)
INFO:root:59 edges remaining
INFO:root:Vertices to examine: []
INFO:root:Deleted: (4, 73)
INFO:root:58 edges remaining
INFO:root:Vertices to examine: []
INFO:root:Deleted: (4, 93)
INFO:root:57 edges remaining
INFO:root:Vertices to examine: []
INFO:root:Deleted: (4, 96)
INFO:root:56 edges remaining
INFO:root:Vertices to examine: []
INFO:root:Deleted: (78, 92)
INFO:root:55 edges remaining
INFO:root:Vertices to examine: []
INFO:root:Deleted: (76, 92)
INFO:root:54 edges remaining
INFO:root:Vertices to examine: []
INFO:root:Deleted: (81, 84)
INFO:root:53 edges remaining
INFO:root:Vertices to examine: []
INFO:root:Deleted: (81, 85)
INFO:root:52 edges remaining
INFO:root:Vertices to examine: []
INFO:root:Deleted: (28, 81)
INFO:root:51 edges remaining
INFO:root:Vertices to examine: []
INFO:root:Deleted: (1, 48)
INFO:root:50 edges remaining
INFO:root:Vertices to examine: []
INFO:root:Deleted: (9, 19)
INFO:root:49 edges remaining
INFO:root:Vertices to examine: []
INFO:root:Deleted: (16, 17)
INFO:root:48 edges remaining
INFO:root:Vertices to examine: []
INFO:root:Deleted: (16, 71)
INFO:root:47 edges remaining
INFO:root:Vertices to examine: []
INFO:root:Deleted: (26, 42)
INFO:root:46 edges remaining
INFO:root:Vertices to examine: []
INFO:root:Deleted: (29, 36)
INFO:root:45 edges remaining
INFO:root:Vertices to examine: []
INFO:root:Deleted: (30, 32)
INFO:root:44 edges remaining
INFO:root:Vertices to examine: []
INFO:root:Deleted: (30, 89)
INFO:root:43 edges remaining
INFO:root:Vertices to examine: []
INFO:root:Deleted: (62, 64)
INFO:root:42 edges remaining
INFO:root:Vertices to examine: []
INFO:root:Deleted: (0, 62)
INFO:root:41 edges remaining
INFO:root:Vertices to examine: []
INFO:root:Deleted: (62, 72)
INFO:root:40 edges remaining
INFO:root:Vertices to examine: []
INFO:root:Deleted: (62, 77)
INFO:root:39 edges remaining
INFO:root:Vertices to examine: []
INFO:root:Deleted: (63, 67)
INFO:root:38 edges remaining
INFO:root:Vertices to examine: []
INFO:root:Deleted: (63, 70)
INFO:root:37 edges remaining
INFO:root:Vertices to examine: []
INFO:root:Deleted: (40, 68)
INFO:root:36 edges remaining
INFO:root:Vertices to examine: []
INFO:root:Deleted: (67, 70)
INFO:root:35 edges remaining
INFO:root:Vertices to examine: []
INFO:root:Deleted: (17, 71)
INFO:root:34 edges remaining
INFO:root:Vertices to examine: []
INFO:root:Deleted: (0, 72)
INFO:root:33 edges remaining
INFO:root:Vertices to examine: []
INFO:root:Deleted: (0, 77)
INFO:root:32 edges remaining
INFO:root:Vertices to examine: []
INFO:root:Deleted: (0, 64)
INFO:root:31 edges remaining
INFO:root:Vertices to examine: []
INFO:root:Deleted: (74, 75)
INFO:root:30 edges remaining
INFO:root:Vertices to examine: []
INFO:root:Deleted: (72, 77)
INFO:root:29 edges remaining
INFO:root:Vertices to examine: []
INFO:root:Deleted: (64, 72)
INFO:root:28 edges remaining
INFO:root:Vertices to examine: []
INFO:root:Deleted: (52, 80)
INFO:root:27 edges remaining
INFO:root:Vertices to examine: []
INFO:root:Deleted: (80, 82)
INFO:root:26 edges remaining
INFO:root:Vertices to examine: []
INFO:root:Deleted: (52, 82)
INFO:root:25 edges remaining
INFO:root:Vertices to examine: []
INFO:root:Deleted: (28, 85)
INFO:root:24 edges remaining
INFO:root:Vertices to examine: []
INFO:root:Deleted: (84, 85)
INFO:root:23 edges remaining
INFO:root:Vertices to examine: []
INFO:root:Deleted: (54, 86)
INFO:root:22 edges remaining
INFO:root:Vertices to examine: []
INFO:root:Deleted: (86, 87)
INFO:root:21 edges remaining
INFO:root:Vertices to examine: []
INFO:root:Deleted: (54, 87)
INFO:root:20 edges remaining
INFO:root:Vertices to examine: []
INFO:root:Deleted: (32, 89)
INFO:root:19 edges remaining
INFO:root:Vertices to examine: []
INFO:root:Deleted: (45, 90)
INFO:root:18 edges remaining
INFO:root:Vertices to examine: []
INFO:root:Deleted: (90, 91)
INFO:root:17 edges remaining
INFO:root:Vertices to examine: []
INFO:root:Deleted: (45, 91)
INFO:root:16 edges remaining
INFO:root:Vertices to examine: []
INFO:root:Deleted: (73, 93)
INFO:root:15 edges remaining
INFO:root:Vertices to examine: []
INFO:root:Deleted: (73, 96)
INFO:root:14 edges remaining
INFO:root:Vertices to examine: []
INFO:root:Deleted: (41, 94)
INFO:root:13 edges remaining
INFO:root:Vertices to examine: []
INFO:root:Deleted: (88, 94)
INFO:root:12 edges remaining
INFO:root:Vertices to examine: []
INFO:root:Deleted: (55, 95)
INFO:root:11 edges remaining
INFO:root:Vertices to examine: []
INFO:root:Deleted: (56, 95)
INFO:root:10 edges remaining
INFO:root:Vertices to examine: []
INFO:root:Deleted: (93, 96)
INFO:root:9 edges remaining
INFO:root:Vertices to examine: []
INFO:root:Deleted: (64, 77)
INFO:root:8 edges remaining
INFO:root:Vertices to examine: []
INFO:root:Deleted: (28, 84)
INFO:root:7 edges remaining
INFO:root:Vertices to examine: []
INFO:root:Deleted: (55, 56)
INFO:root:6 edges remaining
INFO:root:Vertices to examine: []
INFO:root:Deleted: (41, 88)
INFO:root:5 edges remaining
INFO:root:Vertices to examine: []
INFO:root:Deleted: (76, 78)
INFO:root:4 edges remaining
INFO:root:Vertices to examine: []
INFO:root:Deleted: (15, 39)
INFO:root:3 edges remaining
INFO:root:Vertices to examine: []
INFO:root:Deleted: (37, 43)
INFO:root:2 edges remaining
INFO:root:Vertices to examine: []
INFO:root:Deleted: (33, 57)
INFO:root:1 edges remaining
INFO:root:Vertices to examine: []
INFO:root:Deleted: (8, 46)
